<?xml version="1.0" encoding="UTF-8"?>

<beans xmlns="http://www.springframework.org/schema/beans"
       xmlns:xsi="http://www.w3.org/2001/XMLSchema-instance"
       xsi:schemaLocation="http://www.springframework.org/schema/beans http://www.springframework.org/schema/beans/spring-beans-2.5.xsd">
	 
	<bean name="citrus-samples" class="com.consol.citrus.TestSuite">
		<property name="tasksBefore">
			<list>
                <bean class="com.consol.citrus.actions.StartServerAction">
                    <property name="server" ref="royalAirlineHttpServer"/>
                </bean>
                
				<ref bean="purgeJmsQueues"/>
			</list>
		</property>
		<property name="tasksBetween">
			<list>
				<ref bean="purgeJmsQueues"/>
			</list>
		</property>
		<property name="tasksAfter">
			<list>
                <bean class="com.consol.citrus.actions.StopServerAction">
                    <property name="server" ref="royalAirlineHttpServer"/>
                </bean>
			</list>
		</property>
	</bean>
	
</beans>